<?xml version="1.0" encoding="UTF-8"?>
<!-- Generated by org.testng.reporters.JUnitReportReporter -->
<testsuite hostname="LAPTOP-0TF6NH5R" failures="0" tests="2" name="testCases.T2_loginaccout" time="-1756019712.000" errors="1" timestamp="2025-08-24T12:45:37 IST" skipped="1">
  <testcase classname="testCases.T2_loginaccout" name="verifylogin" time="0.000">
    <skipped/>
  </testcase> <!-- verifylogin -->
  <testcase classname="testCases.T2_loginaccout" name="setUp" time="-1756019712.000">
    <error message="
Parameter &#039;os&#039; is required by BeforeSuite on method setUp but has not been marked @Optional or defined
in C:\Users\Prasanth\eclipse-workspace\opencart\testng.xml" type="org.testng.TestNGException">
      <![CDATA[org.testng.TestNGException: 
Parameter 'os' is required by BeforeSuite on method setUp but has not been marked @Optional or defined
in C:\Users\Prasanth\eclipse-workspace\opencart\testng.xml
at org.testng.internal.Parameters.createParams(Parameters.java:264)
at org.testng.internal.Parameters.createParametersForMethod(Parameters.java:352)
at org.testng.internal.Parameters.createParameters(Parameters.java:690)
at org.testng.internal.Parameters.createConfigurationParameters(Parameters.java:163)
at org.testng.internal.invokers.ConfigInvoker.invokeConfigurations(ConfigInvoker.java:313)
at org.testng.SuiteRunner.privateRun(SuiteRunner.java:358)
at org.testng.SuiteRunner.run(SuiteRunner.java:312)
at org.testng.SuiteRunnerWorker.runSuite(SuiteRunnerWorker.java:52)
at org.testng.SuiteRunnerWorker.run(SuiteRunnerWorker.java:95)
at org.testng.TestNG.runSuitesSequentially(TestNG.java:1274)
at org.testng.TestNG.runSuitesLocally(TestNG.java:1208)
at org.testng.TestNG.runSuites(TestNG.java:1112)
at org.testng.TestNG.run(TestNG.java:1079)
at org.testng.remote.AbstractRemoteTestNG.run(AbstractRemoteTestNG.java:115)
at org.testng.remote.RemoteTestNG.initAndRun(RemoteTestNG.java:293)
at org.testng.remote.RemoteTestNG.main(RemoteTestNG.java:91)
]]>
    </error>
  </testcase> <!-- setUp -->
</testsuite> <!-- testCases.T2_loginaccout -->
